<?xml version="1.0" encoding="UTF-8"?>
<testng-results ignored="6" total="7" passed="1" failed="0" skipped="0">
  <reporter-output>
    <line>
      <![CDATA[Launch browser]]>
    </line>
    <line>
      <![CDATA[Enter username and incorrect password]]>
    </line>
    <line>
      <![CDATA[Click Login]]>
    </line>
    <line>
      <![CDATA[Verify error message when enter invalid password]]>
    </line>
  </reporter-output>
  <suite started-at="2022-03-01T17:24:29Z" name="Default suite" finished-at="2022-03-01T17:24:36Z" duration-ms="6255">
    <groups>
    </groups>
    <test started-at="2022-03-01T17:24:29Z" name="Default test" finished-at="2022-03-01T17:24:36Z" duration-ms="6255">
      <class name="com.opensource.qa.Admin">
        <test-method is-config="true" signature="beforeTest()[pri:0, instance:com.opensource.qa.Admin@4397ad89]" started-at="2022-03-01T17:24:29Z" name="beforeTest" finished-at="2022-03-01T17:24:29Z" duration-ms="9" status="PASS">
          <reporter-output>
          </reporter-output>
        </test-method> <!-- beforeTest -->
        <test-method signature="tc007ValidateInvalidPassword()[pri:0, instance:com.opensource.qa.Admin@4397ad89]" started-at="2022-03-01T17:24:29Z" name="tc007ValidateInvalidPassword" finished-at="2022-03-01T17:24:36Z" duration-ms="6231" status="PASS">
          <reporter-output>
            <line>
              <![CDATA[Launch browser]]>
            </line>
            <line>
              <![CDATA[Enter username and incorrect password]]>
            </line>
            <line>
              <![CDATA[Click Login]]>
            </line>
            <line>
              <![CDATA[Verify error message when enter invalid password]]>
            </line>
          </reporter-output>
        </test-method> <!-- tc007ValidateInvalidPassword -->
        <test-method is-config="true" signature="afterTest()[pri:0, instance:com.opensource.qa.Admin@4397ad89]" started-at="2022-03-01T17:24:36Z" name="afterTest" finished-at="2022-03-01T17:24:36Z" duration-ms="0" status="PASS">
          <reporter-output>
          </reporter-output>
        </test-method> <!-- afterTest -->
      </class> <!-- com.opensource.qa.Admin -->
    </test> <!-- Default test -->
  </suite> <!-- Default suite -->
</testng-results>
