<?xml version="1.0" encoding="UTF-8"?>
<testng-results ignored="0" total="1" passed="1" failed="0" skipped="0">
  <reporter-output>
  </reporter-output>
  <suite started-at="2022-02-25T23:47:57Z" name="Default suite" finished-at="2022-02-25T23:48:05Z" duration-ms="7446">
    <groups>
    </groups>
    <test started-at="2022-02-25T23:47:57Z" name="Default test" finished-at="2022-02-25T23:48:05Z" duration-ms="7446">
      <class name="com.google.EjSelenium">
        <test-method is-config="true" signature="beforeTest()[pri:0, instance:com.google.EjSelenium@6e005dc9]" started-at="2022-02-25T23:47:57Z" name="beforeTest" finished-at="2022-02-25T23:47:57Z" duration-ms="6" status="PASS">
          <reporter-output>
          </reporter-output>
        </test-method> <!-- beforeTest -->
        <test-method signature="googleTest()[pri:0, instance:com.google.EjSelenium@6e005dc9]" started-at="2022-02-25T23:47:57Z" name="googleTest" finished-at="2022-02-25T23:48:01Z" duration-ms="3293" status="PASS">
          <reporter-output>
          </reporter-output>
        </test-method> <!-- googleTest -->
        <test-method is-config="true" signature="afterTest()[pri:0, instance:com.google.EjSelenium@6e005dc9]" started-at="2022-02-25T23:48:01Z" name="afterTest" finished-at="2022-02-25T23:48:05Z" duration-ms="4137" status="PASS">
          <reporter-output>
          </reporter-output>
        </test-method> <!-- afterTest -->
      </class> <!-- com.google.EjSelenium -->
    </test> <!-- Default test -->
  </suite> <!-- Default suite -->
</testng-results>
