<?xml version="1.0" encoding="UTF-8"?>
<!-- Generated by org.testng.reporters.JUnitXMLReporter -->
<testsuite ignored="6" hostname="LAPTOP-75U6CEUP" failures="0" tests="1" name="Default test" time="6.255" errors="0" timestamp="01 mar. 2022 17:24:36 GMT">
  <testcase classname="com.opensource.qa.Admin" name="tc007ValidateInvalidPassword" time="6.231"/>
  <testcase classname="com.opensource.qa.Admin" name="tc003AdminAddNewUser" time="0.0">
    <ignored/>
  </testcase> <!-- tc003AdminAddNewUser -->
  <testcase classname="com.opensource.qa.Admin" name="tc001AdminSearchEmployee" time="0.0">
    <ignored/>
  </testcase> <!-- tc001AdminSearchEmployee -->
  <testcase classname="com.opensource.qa.Admin" name="tc002AdminSearchEmployeeNotExist" time="0.0">
    <ignored/>
  </testcase> <!-- tc002AdminSearchEmployeeNotExist -->
  <testcase classname="com.opensource.qa.Admin" name="tc005AdminCreateUserDisabled" time="0.0">
    <ignored/>
  </testcase> <!-- tc005AdminCreateUserDisabled -->
  <testcase classname="com.opensource.qa.Admin" name="tc006ValidateUserAdmin" time="0.0">
    <ignored/>
  </testcase> <!-- tc006ValidateUserAdmin -->
  <testcase classname="com.opensource.qa.Admin" name="tc004_Admin_DeleteUser" time="0.0">
    <ignored/>
  </testcase> <!-- tc004_Admin_DeleteUser -->
</testsuite> <!-- Default test -->
